2024-02-29T00:06:09.947Z  INFO 20064 --- [spring-admin-management] [main] c.g.a.AdminManagementApplicationTests    : Starting AdminManagementApplicationTests using Java 17.0.9 with PID 20064 (started by HP in E:\cours\M2\JAVA\tp\admin-management)
2024-02-29T00:06:09.964Z  INFO 20064 --- [spring-admin-management] [main] c.g.a.AdminManagementApplicationTests    : No active profile set, falling back to 1 default profile: "default"
2024-02-29T00:06:12.463Z  INFO 20064 --- [spring-admin-management] [main] .s.d.r.c.RepositoryConfigurationDelegate : Bootstrapping Spring Data JPA repositories in DEFAULT mode.
2024-02-29T00:06:12.611Z  INFO 20064 --- [spring-admin-management] [main] .s.d.r.c.RepositoryConfigurationDelegate : Finished Spring Data repository scanning in 134 ms. Found 3 JPA repository interfaces.
2024-02-29T00:06:14.644Z  INFO 20064 --- [spring-admin-management] [main] o.hibernate.jpa.internal.util.LogHelper  : HHH000204: Processing PersistenceUnitInfo [name: default]
2024-02-29T00:06:14.788Z  INFO 20064 --- [spring-admin-management] [main] org.hibernate.Version                    : HHH000412: Hibernate ORM core version 6.4.1.Final
2024-02-29T00:06:14.887Z  INFO 20064 --- [spring-admin-management] [main] o.h.c.internal.RegionFactoryInitiator    : HHH000026: Second-level cache disabled
2024-02-29T00:06:15.569Z  INFO 20064 --- [spring-admin-management] [main] o.s.o.j.p.SpringPersistenceUnitInfo      : No LoadTimeWeaver setup: ignoring JPA class transformer
2024-02-29T00:06:15.621Z  INFO 20064 --- [spring-admin-management] [main] com.zaxxer.hikari.HikariDataSource       : HikariPool-1 - Starting...
2024-02-29T00:06:16.328Z  INFO 20064 --- [spring-admin-management] [main] com.zaxxer.hikari.pool.HikariPool        : HikariPool-1 - Added connection com.mysql.cj.jdbc.ConnectionImpl@5d74507c
2024-02-29T00:06:16.334Z  INFO 20064 --- [spring-admin-management] [main] com.zaxxer.hikari.HikariDataSource       : HikariPool-1 - Start completed.
2024-02-29T00:06:18.580Z  INFO 20064 --- [spring-admin-management] [main] o.h.e.t.j.p.i.JtaPlatformInitiator       : HHH000489: No JTA platform available (set 'hibernate.transaction.jta.platform' to enable JTA platform integration)
2024-02-29T00:06:18.767Z  INFO 20064 --- [spring-admin-management] [main] j.LocalContainerEntityManagerFactoryBean : Initialized JPA EntityManagerFactory for persistence unit 'default'
2024-02-29T00:06:19.904Z  WARN 20064 --- [spring-admin-management] [main] JpaBaseConfiguration$JpaWebConfiguration : spring.jpa.open-in-view is enabled by default. Therefore, database queries may be performed during view rendering. Explicitly configure spring.jpa.open-in-view to disable this warning
2024-02-29T00:06:20.852Z  INFO 20064 --- [spring-admin-management] [main] o.s.s.web.DefaultSecurityFilterChain     : Will secure any request with [org.springframework.security.web.session.DisableEncodeUrlFilter@1926806c, org.springframework.security.web.context.request.async.WebAsyncManagerIntegrationFilter@44a972b4, org.springframework.security.web.context.SecurityContextHolderFilter@1455a374, org.springframework.security.web.header.HeaderWriterFilter@597084b7, org.springframework.web.filter.CorsFilter@4848681d, org.springframework.security.web.authentication.logout.LogoutFilter@345f4e0d, org.springframework.security.oauth2.server.resource.web.authentication.BearerTokenAuthenticationFilter@7e113065, org.springframework.security.web.savedrequest.RequestCacheAwareFilter@54418834, org.springframework.security.web.servletapi.SecurityContextHolderAwareRequestFilter@54d6f172, org.springframework.security.web.authentication.AnonymousAuthenticationFilter@7712c315, org.springframework.security.web.session.SessionManagementFilter@5122387, org.springframework.security.web.access.ExceptionTranslationFilter@504a9352, org.springframework.security.web.access.intercept.AuthorizationFilter@175377d3]
2024-02-29T00:06:21.521Z  WARN 20064 --- [spring-admin-management] [main] ion$DefaultTemplateResolverConfiguration : Cannot find template location: classpath:/templates/ (please add some templates, check your Thymeleaf configuration, or set spring.thymeleaf.check-template-location=false)
2024-02-29T00:06:22.287Z  INFO 20064 --- [spring-admin-management] [main] c.g.a.AdminManagementApplicationTests    : Started AdminManagementApplicationTests in 13.203 seconds (process running for 15.768)
2024-02-29T00:06:23.741Z  INFO 20064 --- [spring-admin-management] [main] t.c.s.AnnotationConfigContextLoaderUtils : Could not detect default configuration classes for test class [com.groupeisi.adminmanagement.services.AppRolesServiceTest]: AppRolesServiceTest does not declare any static, non-private, non-final, nested classes annotated with @Configuration.
2024-02-29T00:06:23.772Z  INFO 20064 --- [spring-admin-management] [main] .b.t.c.SpringBootTestContextBootstrapper : Found @SpringBootConfiguration com.groupeisi.adminmanagement.AdminManagementApplication for test class com.groupeisi.adminmanagement.services.AppRolesServiceTest
2024-02-29T00:06:23.851Z  INFO 20064 --- [spring-admin-management] [main] c.g.a.services.AppRolesService           : list of roles
2024-02-29T00:06:24.656Z  INFO 20064 --- [spring-admin-management] [SpringApplicationShutdownHook] j.LocalContainerEntityManagerFactoryBean : Closing JPA EntityManagerFactory for persistence unit 'default'
2024-02-29T00:06:24.659Z  INFO 20064 --- [spring-admin-management] [SpringApplicationShutdownHook] com.zaxxer.hikari.HikariDataSource       : HikariPool-1 - Shutdown initiated...
2024-02-29T00:06:24.724Z  INFO 20064 --- [spring-admin-management] [SpringApplicationShutdownHook] com.zaxxer.hikari.HikariDataSource       : HikariPool-1 - Shutdown completed.
2024-02-29T00:08:27.195Z  INFO 12796 --- [spring-admin-management] [main] c.g.a.AdminManagementApplicationTests    : Starting AdminManagementApplicationTests using Java 17.0.9 with PID 12796 (started by HP in E:\cours\M2\JAVA\tp\admin-management)
2024-02-29T00:08:27.198Z  INFO 12796 --- [spring-admin-management] [main] c.g.a.AdminManagementApplicationTests    : No active profile set, falling back to 1 default profile: "default"
2024-02-29T00:08:29.417Z  INFO 12796 --- [spring-admin-management] [main] .s.d.r.c.RepositoryConfigurationDelegate : Bootstrapping Spring Data JPA repositories in DEFAULT mode.
2024-02-29T00:08:29.568Z  INFO 12796 --- [spring-admin-management] [main] .s.d.r.c.RepositoryConfigurationDelegate : Finished Spring Data repository scanning in 133 ms. Found 3 JPA repository interfaces.
2024-02-29T00:08:31.936Z  INFO 12796 --- [spring-admin-management] [main] o.hibernate.jpa.internal.util.LogHelper  : HHH000204: Processing PersistenceUnitInfo [name: default]
2024-02-29T00:08:32.124Z  INFO 12796 --- [spring-admin-management] [main] org.hibernate.Version                    : HHH000412: Hibernate ORM core version 6.4.1.Final
2024-02-29T00:08:32.224Z  INFO 12796 --- [spring-admin-management] [main] o.h.c.internal.RegionFactoryInitiator    : HHH000026: Second-level cache disabled
2024-02-29T00:08:32.848Z  INFO 12796 --- [spring-admin-management] [main] o.s.o.j.p.SpringPersistenceUnitInfo      : No LoadTimeWeaver setup: ignoring JPA class transformer
2024-02-29T00:08:32.903Z  INFO 12796 --- [spring-admin-management] [main] com.zaxxer.hikari.HikariDataSource       : HikariPool-1 - Starting...
2024-02-29T00:08:33.977Z  INFO 12796 --- [spring-admin-management] [main] com.zaxxer.hikari.pool.HikariPool        : HikariPool-1 - Added connection com.mysql.cj.jdbc.ConnectionImpl@77d54a41
2024-02-29T00:08:34.001Z  INFO 12796 --- [spring-admin-management] [main] com.zaxxer.hikari.HikariDataSource       : HikariPool-1 - Start completed.
2024-02-29T00:08:36.495Z  INFO 12796 --- [spring-admin-management] [main] o.h.e.t.j.p.i.JtaPlatformInitiator       : HHH000489: No JTA platform available (set 'hibernate.transaction.jta.platform' to enable JTA platform integration)
2024-02-29T00:08:36.708Z  INFO 12796 --- [spring-admin-management] [main] j.LocalContainerEntityManagerFactoryBean : Initialized JPA EntityManagerFactory for persistence unit 'default'
2024-02-29T00:08:38.145Z  WARN 12796 --- [spring-admin-management] [main] JpaBaseConfiguration$JpaWebConfiguration : spring.jpa.open-in-view is enabled by default. Therefore, database queries may be performed during view rendering. Explicitly configure spring.jpa.open-in-view to disable this warning
2024-02-29T00:08:39.463Z  INFO 12796 --- [spring-admin-management] [main] o.s.s.web.DefaultSecurityFilterChain     : Will secure any request with [org.springframework.security.web.session.DisableEncodeUrlFilter@3fe1b278, org.springframework.security.web.context.request.async.WebAsyncManagerIntegrationFilter@3678f32e, org.springframework.security.web.context.SecurityContextHolderFilter@1cafb30, org.springframework.security.web.header.HeaderWriterFilter@406cc81b, org.springframework.web.filter.CorsFilter@678c0310, org.springframework.security.web.authentication.logout.LogoutFilter@63b85d97, org.springframework.security.oauth2.server.resource.web.authentication.BearerTokenAuthenticationFilter@79bb14d8, org.springframework.security.web.savedrequest.RequestCacheAwareFilter@5a0b925a, org.springframework.security.web.servletapi.SecurityContextHolderAwareRequestFilter@14b4f462, org.springframework.security.web.authentication.AnonymousAuthenticationFilter@7e113065, org.springframework.security.web.session.SessionManagementFilter@597084b7, org.springframework.security.web.access.ExceptionTranslationFilter@29b61bb, org.springframework.security.web.access.intercept.AuthorizationFilter@1738d3b2]
2024-02-29T00:08:40.374Z  WARN 12796 --- [spring-admin-management] [main] ion$DefaultTemplateResolverConfiguration : Cannot find template location: classpath:/templates/ (please add some templates, check your Thymeleaf configuration, or set spring.thymeleaf.check-template-location=false)
2024-02-29T00:08:41.256Z  INFO 12796 --- [spring-admin-management] [main] c.g.a.AdminManagementApplicationTests    : Started AdminManagementApplicationTests in 14.921 seconds (process running for 18.094)
2024-02-29T00:08:42.767Z  INFO 12796 --- [spring-admin-management] [main] t.c.s.AnnotationConfigContextLoaderUtils : Could not detect default configuration classes for test class [com.groupeisi.adminmanagement.services.AppRolesServiceTest]: AppRolesServiceTest does not declare any static, non-private, non-final, nested classes annotated with @Configuration.
2024-02-29T00:08:42.790Z  INFO 12796 --- [spring-admin-management] [main] .b.t.c.SpringBootTestContextBootstrapper : Found @SpringBootConfiguration com.groupeisi.adminmanagement.AdminManagementApplication for test class com.groupeisi.adminmanagement.services.AppRolesServiceTest
2024-02-29T00:08:42.906Z  INFO 12796 --- [spring-admin-management] [main] c.g.a.services.AppRolesService           : list of roles
2024-02-29T00:08:43.745Z  INFO 12796 --- [spring-admin-management] [SpringApplicationShutdownHook] j.LocalContainerEntityManagerFactoryBean : Closing JPA EntityManagerFactory for persistence unit 'default'
2024-02-29T00:08:43.755Z  INFO 12796 --- [spring-admin-management] [SpringApplicationShutdownHook] com.zaxxer.hikari.HikariDataSource       : HikariPool-1 - Shutdown initiated...
2024-02-29T00:08:43.801Z  INFO 12796 --- [spring-admin-management] [SpringApplicationShutdownHook] com.zaxxer.hikari.HikariDataSource       : HikariPool-1 - Shutdown completed.
